<?xml version="1.0" encoding="UTF-8"?>
<testng-results skipped="0" failed="1" total="2" passed="1">
  <reporter-output>
  </reporter-output>
  <suite name="Default suite" duration-ms="16019" started-at="2021-04-03T10:35:07Z" finished-at="2021-04-03T10:35:23Z">
    <groups>
    </groups>
    <test name="Default test" duration-ms="16019" started-at="2021-04-03T10:35:07Z" finished-at="2021-04-03T10:35:23Z">
      <class name="com.qa.khan.testcases.KhanLoginPageTest">
        <test-method status="PASS" signature="setup()[pri:0, instance:com.qa.khan.testcases.KhanLoginPageTest@7dc36524]" name="setup" is-config="true" duration-ms="8049" started-at="2021-04-03T16:05:08Z" finished-at="2021-04-03T16:05:16Z">
          <reporter-output>
          </reporter-output>
        </test-method> <!-- setup -->
        <test-method status="FAIL" signature="login(java.lang.String, java.lang.String)[pri:0, instance:com.qa.khan.testcases.KhanLoginPageTest@7dc36524]" name="login" duration-ms="104" started-at="2021-04-03T16:05:16Z" data-provider="exceldatarange" finished-at="2021-04-03T16:05:16Z">
          <params>
            <param index="0">
              <value is-null="true"/>
            </param>
            <param index="1">
              <value is-null="true"/>
            </param>
          </params>
          <exception class="java.lang.IllegalArgumentException">
            <message>
              <![CDATA[Keys to send should be a not null CharSequence]]>
            </message>
            <full-stacktrace>
              <![CDATA[java.lang.IllegalArgumentException: Keys to send should be a not null CharSequence
	at org.openqa.selenium.remote.RemoteWebElement.sendKeys(RemoteWebElement.java:97)
	at sun.reflect.NativeMethodAccessorImpl.invoke0(Native Method)
	at sun.reflect.NativeMethodAccessorImpl.invoke(Unknown Source)
	at sun.reflect.DelegatingMethodAccessorImpl.invoke(Unknown Source)
	at java.lang.reflect.Method.invoke(Unknown Source)
	at org.openqa.selenium.support.pagefactory.internal.LocatingElementHandler.invoke(LocatingElementHandler.java:51)
	at com.sun.proxy.$Proxy9.sendKeys(Unknown Source)
	at com.qa.khan.pages.KhanLoginPage.loginpage(KhanLoginPage.java:28)
	at com.qa.khan.testcases.KhanLoginPageTest.login(KhanLoginPageTest.java:31)
	at sun.reflect.NativeMethodAccessorImpl.invoke0(Native Method)
	at sun.reflect.NativeMethodAccessorImpl.invoke(Unknown Source)
	at sun.reflect.DelegatingMethodAccessorImpl.invoke(Unknown Source)
	at java.lang.reflect.Method.invoke(Unknown Source)
	at org.testng.internal.MethodInvocationHelper.invokeMethod(MethodInvocationHelper.java:86)
	at org.testng.internal.Invoker.invokeMethod(Invoker.java:643)
	at org.testng.internal.Invoker.invokeTestMethod(Invoker.java:820)
	at org.testng.internal.Invoker.invokeTestMethods(Invoker.java:1128)
	at org.testng.internal.TestMethodWorker.invokeTestMethods(TestMethodWorker.java:129)
	at org.testng.internal.TestMethodWorker.run(TestMethodWorker.java:112)
	at org.testng.TestRunner.privateRun(TestRunner.java:782)
	at org.testng.TestRunner.run(TestRunner.java:632)
	at org.testng.SuiteRunner.runTest(SuiteRunner.java:366)
	at org.testng.SuiteRunner.runSequentially(SuiteRunner.java:361)
	at org.testng.SuiteRunner.privateRun(SuiteRunner.java:319)
	at org.testng.SuiteRunner.run(SuiteRunner.java:268)
	at org.testng.SuiteRunnerWorker.runSuite(SuiteRunnerWorker.java:52)
	at org.testng.SuiteRunnerWorker.run(SuiteRunnerWorker.java:86)
	at org.testng.TestNG.runSuitesSequentially(TestNG.java:1244)
	at org.testng.TestNG.runSuitesLocally(TestNG.java:1169)
	at org.testng.TestNG.run(TestNG.java:1064)
	at org.testng.remote.RemoteTestNG.run(RemoteTestNG.java:113)
	at org.testng.remote.RemoteTestNG.initAndRun(RemoteTestNG.java:206)
	at org.testng.remote.RemoteTestNG.main(RemoteTestNG.java:177)
]]>
            </full-stacktrace>
          </exception> <!-- java.lang.IllegalArgumentException -->
          <reporter-output>
          </reporter-output>
        </test-method> <!-- login -->
        <test-method status="PASS" signature="tear()[pri:0, instance:com.qa.khan.testcases.KhanLoginPageTest@7dc36524]" name="tear" is-config="true" duration-ms="13" started-at="2021-04-03T16:05:16Z" finished-at="2021-04-03T16:05:16Z">
          <reporter-output>
          </reporter-output>
        </test-method> <!-- tear -->
        <test-method status="PASS" signature="setup()[pri:0, instance:com.qa.khan.testcases.KhanLoginPageTest@7dc36524]" name="setup" is-config="true" duration-ms="5951" started-at="2021-04-03T16:05:16Z" finished-at="2021-04-03T16:05:22Z">
          <reporter-output>
          </reporter-output>
        </test-method> <!-- setup -->
        <test-method status="PASS" signature="login(java.lang.String, java.lang.String)[pri:0, instance:com.qa.khan.testcases.KhanLoginPageTest@7dc36524]" name="login" duration-ms="1120" started-at="2021-04-03T16:05:22Z" data-provider="exceldatarange" finished-at="2021-04-03T16:05:23Z">
          <params>
            <param index="0">
              <value>
                <![CDATA[prydhrshn10@gmail.com]]>
              </value>
            </param>
            <param index="1">
              <value>
                <![CDATA[Ramrishi@21]]>
              </value>
            </param>
          </params>
          <reporter-output>
          </reporter-output>
        </test-method> <!-- login -->
        <test-method status="PASS" signature="tear()[pri:0, instance:com.qa.khan.testcases.KhanLoginPageTest@7dc36524]" name="tear" is-config="true" duration-ms="0" started-at="2021-04-03T16:05:23Z" finished-at="2021-04-03T16:05:23Z">
          <reporter-output>
          </reporter-output>
        </test-method> <!-- tear -->
      </class> <!-- com.qa.khan.testcases.KhanLoginPageTest -->
    </test> <!-- Default test -->
  </suite> <!-- Default suite -->
</testng-results>
